#
# A fatal error has been detected by the Java Runtime Environment:
#
#  EXCEPTION_ACCESS_VIOLATION (0xc0000005) at pc=0x0000000055f78ad5, pid=9104, tid=7928
#
# JRE version: Java(TM) SE Runtime Environment (8.0_73-b02) (build 1.8.0_73-b02)
# Java VM: Java HotSpot(TM) 64-Bit Server VM (25.73-b02 mixed mode windows-amd64 compressed oops)
# Problematic frame:
# V  [jvm.dll+0x128ad5]
#
# Failed to write core dump. Minidumps are not enabled by default on client versions of Windows
#
# If you would like to submit a bug report, please visit:
#   http://bugreport.java.com/bugreport/crash.jsp
#

---------------  T H R E A D  ---------------

Current thread (0x0000000016e6f800):  JavaThread "JDWP Transport Listener: dt_socket" daemon [_thread_in_vm, id=7928, stack(0x00000000187e0000,0x00000000188e0000)]

siginfo: ExceptionCode=0xc0000005, reading address 0x00003b6e6f697463

Registers:
RAX=0x00000000188df701, RBX=0x0000000016e6f800, RCX=0x00003b6e6f697463, RDX=0x0000000000000000
RSP=0x00000000188df6b0, RBP=0x00003b6e6f697463, RSI=0x00000000188df7c8, RDI=0x0000000000519000
R8 =0x0000000016e6f800, R9 =0x0000000000000000, R10=0x0000000000000000, R11=0x0000000000000064
R12=0x0000000000000000, R13=0x0000000016e64868, R14=0x0000000000000000, R15=0x0000000000000000
RIP=0x0000000055f78ad5, EFLAGS=0x0000000000010206

Top of Stack: (sp=0x00000000188df6b0)
0x00000000188df6b0:   0000000016e6f800 0000000016e6f800
0x00000000188df6c0:   00000000188df778 000000005617e34b
0x00000000188df6d0:   0000000016e6f800 000000005619abad
0x00000000188df6e0:   0000000000000000 0000000055c59155
0x00000000188df6f0:   0000000016e860c8 0000000055c6291e
0x00000000188df700:   0000000016e6f800 0000000000000000
0x00000000188df710:   0000000000000000 0000000000000000
0x00000000188df720:   00003b6e6f697463 0000000055c61a15
0x00000000188df730:   00000000188df7c8 00000000188df7a0
0x00000000188df740:   0000000000000001 0000000016e860c8
0x00000000188df750:   00003b6e6f697463 0000000055c453b3
0x00000000188df760:   00000000188df890 0000000000000001
0x00000000188df770:   0000000000000001 0000000016e860c8
0x00000000188df780:   0000000000000009 0000000000000000
0x00000000188df790:   0000000000000000 0000000000000000
0x00000000188df7a0:   0000000000000001 0000000055c45571 

Instructions: (pc=0x0000000055f78ad5)
0x0000000055f78ab5:   cc cc cc cc cc cc cc cc cc cc cc 48 83 ec 28 48
0x0000000055f78ac5:   85 c9 75 07 33 c0 48 83 c4 28 c3 48 89 5c 24 20
0x0000000055f78ad5:   48 8b 19 48 85 db 74 20 48 83 fb 37 74 1a 48 8b
0x0000000055f78ae5:   13 48 8b cb ff 52 10 84 c0 74 0d 48 8b c3 48 8b 


Register to memory mapping:

RAX=0x00000000188df701 is pointing into the stack for thread: 0x0000000016e6f800
RBX=0x0000000016e6f800 is a thread
RCX=0x00003b6e6f697463 is an unknown value
RDX=0x0000000000000000 is an unknown value
RSP=0x00000000188df6b0 is pointing into the stack for thread: 0x0000000016e6f800
RBP=0x00003b6e6f697463 is an unknown value
RSI=0x00000000188df7c8 is pointing into the stack for thread: 0x0000000016e6f800
RDI=0x0000000000519000 is an unknown value
R8 =0x0000000016e6f800 is a thread
R9 =0x0000000000000000 is an unknown value
R10=0x0000000000000000 is an unknown value
R11=0x0000000000000064 is an unknown value
R12=0x0000000000000000 is an unknown value
R13=0x0000000016e64868 is an unknown value
R14=0x0000000000000000 is an unknown value
R15=0x0000000000000000 is an unknown value


Stack: [0x00000000187e0000,0x00000000188e0000],  sp=0x00000000188df6b0,  free space=1021k
Native frames: (J=compiled Java code, j=interpreted, Vv=VM code, C=native code)
V  [jvm.dll+0x128ad5]
V  [jvm.dll+0x34abad]
C  [jdwp.dll+0x21a15]
C  [jdwp.dll+0x53b3]
C  [jdwp.dll+0x5571]
C  [jdwp.dll+0xf0a8]
C  [jdwp.dll+0x1f2d5]
C  [jdwp.dll+0x1f4aa]
V  [jvm.dll+0x1bbb58]
V  [jvm.dll+0x243234]
V  [jvm.dll+0x29a10a]
C  [msvcr100.dll+0x21d9f]
C  [msvcr100.dll+0x21e3b]
C  [KERNEL32.DLL+0x18102]
C  [ntdll.dll+0x5c574]


---------------  P R O C E S S  ---------------

Java Threads: ( => current thread )
  0x0000000018e35800 JavaThread "Service Thread" daemon [_thread_blocked, id=9116, stack(0x00000000191e0000,0x00000000192e0000)]
  0x0000000016e89800 JavaThread "C1 CompilerThread2" daemon [_thread_blocked, id=9184, stack(0x0000000018ce0000,0x0000000018de0000)]
  0x0000000016e88000 JavaThread "C2 CompilerThread1" daemon [_thread_blocked, id=9192, stack(0x0000000018be0000,0x0000000018ce0000)]
  0x0000000016e87000 JavaThread "C2 CompilerThread0" daemon [_thread_blocked, id=9196, stack(0x0000000018ae0000,0x0000000018be0000)]
  0x0000000016e81800 JavaThread "JDWP Command Reader" daemon [_thread_in_native, id=7536, stack(0x00000000189e0000,0x0000000018ae0000)]
  0x0000000016e73800 JavaThread "JDWP Event Helper Thread" daemon [_thread_blocked, id=7540, stack(0x00000000188e0000,0x00000000189e0000)]
=>0x0000000016e6f800 JavaThread "JDWP Transport Listener: dt_socket" daemon [_thread_in_vm, id=7928, stack(0x00000000187e0000,0x00000000188e0000)]
  0x0000000016e5c000 JavaThread "Attach Listener" daemon [_thread_blocked, id=6744, stack(0x00000000183a0000,0x00000000184a0000)]
  0x0000000016e5b000 JavaThread "Signal Dispatcher" daemon [_thread_blocked, id=2808, stack(0x00000000182a0000,0x00000000183a0000)]
  0x0000000002326000 JavaThread "Finalizer" daemon [_thread_blocked, id=7456, stack(0x00000000180c0000,0x00000000181c0000)]
  0x000000000231d000 JavaThread "Reference Handler" daemon [_thread_blocked, id=7452, stack(0x0000000017fc0000,0x00000000180c0000)]
  0x0000000002233000 JavaThread "main" [_thread_blocked, id=9032, stack(0x00000000020b0000,0x00000000021b0000)]

Other Threads:
  0x0000000016e28000 VMThread [stack: 0x0000000017ec0000,0x0000000017fc0000] [id=6832]
  0x0000000018e38800 WatcherThread [stack: 0x00000000192e0000,0x00000000193e0000] [id=9152]

VM state:not at safepoint (normal execution)

VM Mutex/Monitor currently owned by a thread: None

Heap:
 PSYoungGen      total 71680K, used 18326K [0x00000000d5f00000, 0x00000000dee00000, 0x0000000100000000)
  eden space 66560K, 26% used [0x00000000d5f00000,0x00000000d7071ac8,0x00000000da000000)
  from space 5120K, 9% used [0x00000000da000000,0x00000000da074010,0x00000000da500000)
  to   space 6656K, 0% used [0x00000000de780000,0x00000000de780000,0x00000000dee00000)
 ParOldGen       total 87552K, used 8544K [0x0000000081c00000, 0x0000000087180000, 0x00000000d5f00000)
  object space 87552K, 9% used [0x0000000081c00000,0x0000000082458010,0x0000000087180000)
 Metaspace       used 3781K, capacity 4768K, committed 4864K, reserved 1056768K
  class space    used 426K, capacity 464K, committed 512K, reserved 1048576K

Card table byte_map: [0x00000000116f0000,0x0000000011af0000] byte_map_base: 0x00000000112e2000

Marking Bits: (ParMarkBitMap*) 0x0000000056660600
 Begin Bits: [0x00000000121a0000, 0x0000000014130000)
 End Bits:   [0x0000000014130000, 0x00000000160c0000)

Polling page: 0x00000000001f0000

CodeCache: size=245760Kb used=1657Kb max_used=1690Kb free=244102Kb
 bounds [0x0000000002330000, 0x00000000025a0000, 0x0000000011330000]
 total_blobs=477 nmethods=228 adapters=170
 compilation: enabled

Compilation events (10 events):
Event: 0.415 Thread 0x0000000016e87000 nmethod 200 0x00000000024bffd0 code [0x00000000024c0180, 0x00000000024c0e78]
Event: 0.415 Thread 0x0000000016e87000  204       4       java.util.Scanner::nextLine (88 bytes)
Event: 0.416 Thread 0x0000000016e87000 nmethod 204 0x00000000024a6090 code [0x00000000024a61c0, 0x00000000024a6278]
Event: 0.416 Thread 0x0000000016e87000  196       4       java.util.regex.Matcher::find (69 bytes)
Event: 0.424 Thread 0x0000000016e87000 nmethod 196 0x00000000024c3e10 code [0x00000000024c3f80, 0x00000000024c45f8]
Event: 0.424 Thread 0x0000000016e87000  198       4       java.nio.HeapCharBuffer::subSequence (7 bytes)
Event: 0.429 Thread 0x0000000016e87000 nmethod 198 0x00000000024c4dd0 code [0x00000000024c4f20, 0x00000000024c5298]
Event: 0.429 Thread 0x0000000016e87000  134       4       java.util.Arrays::copyOfRange (63 bytes)
Event: 0.431 Thread 0x0000000016e87000 nmethod 134 0x00000000024b6490 code [0x00000000024b65e0, 0x00000000024b67f8]
Event: 0.477 Thread 0x0000000016e88000 nmethod 197 0x00000000024cc650 code [0x00000000024ccaa0, 0x00000000024d1fa0]

GC Heap History (10 events):
Event: 0.221 GC heap before
{Heap before GC invocations=1 (full 0):
 PSYoungGen      total 38400K, used 33280K [0x00000000d5f00000, 0x00000000d8980000, 0x0000000100000000)
  eden space 33280K, 100% used [0x00000000d5f00000,0x00000000d7f80000,0x00000000d7f80000)
  from space 5120K, 0% used [0x00000000d8480000,0x00000000d8480000,0x00000000d8980000)
  to   space 5120K, 0% used [0x00000000d7f80000,0x00000000d7f80000,0x00000000d8480000)
 ParOldGen       total 87552K, used 0K [0x0000000081c00000, 0x0000000087180000, 0x00000000d5f00000)
  object space 87552K, 0% used [0x0000000081c00000,0x0000000081c00000,0x0000000087180000)
 Metaspace       used 3426K, capacity 4526K, committed 4864K, reserved 1056768K
  class space    used 397K, capacity 426K, committed 512K, reserved 1048576K
Event: 0.223 GC heap after
Heap after GC invocations=1 (full 0):
 PSYoungGen      total 38400K, used 1608K [0x00000000d5f00000, 0x00000000d8980000, 0x0000000100000000)
  eden space 33280K, 0% used [0x00000000d5f00000,0x00000000d5f00000,0x00000000d7f80000)
  from space 5120K, 31% used [0x00000000d7f80000,0x00000000d8112010,0x00000000d8480000)
  to   space 5120K, 0% used [0x00000000d8480000,0x00000000d8480000,0x00000000d8980000)
 ParOldGen       total 87552K, used 8K [0x0000000081c00000, 0x0000000087180000, 0x00000000d5f00000)
  object space 87552K, 0% used [0x0000000081c00000,0x0000000081c02000,0x0000000087180000)
 Metaspace       used 3426K, capacity 4526K, committed 4864K, reserved 1056768K
  class space    used 397K, capacity 426K, committed 512K, reserved 1048576K
}
Event: 0.252 GC heap before
{Heap before GC invocations=2 (full 0):
 PSYoungGen      total 38400K, used 34888K [0x00000000d5f00000, 0x00000000d8980000, 0x0000000100000000)
  eden space 33280K, 100% used [0x00000000d5f00000,0x00000000d7f80000,0x00000000d7f80000)
  from space 5120K, 31% used [0x00000000d7f80000,0x00000000d8112010,0x00000000d8480000)
  to   space 5120K, 0% used [0x00000000d8480000,0x00000000d8480000,0x00000000d8980000)
 ParOldGen       total 87552K, used 8K [0x0000000081c00000, 0x0000000087180000, 0x00000000d5f00000)
  object space 87552K, 0% used [0x0000000081c00000,0x0000000081c02000,0x0000000087180000)
 Metaspace       used 3429K, capacity 4526K, committed 4864K, reserved 1056768K
  class space    used 397K, capacity 426K, committed 512K, reserved 1048576K
Event: 0.253 GC heap after
Heap after GC invocations=2 (full 0):
 PSYoungGen      total 38400K, used 2592K [0x00000000d5f00000, 0x00000000daa00000, 0x0000000100000000)
  eden space 33280K, 0% used [0x00000000d5f00000,0x00000000d5f00000,0x00000000d7f80000)
  from space 5120K, 50% used [0x00000000d8480000,0x00000000d8708020,0x00000000d8980000)
  to   space 5120K, 0% used [0x00000000d7f80000,0x00000000d7f80000,0x00000000d8480000)
 ParOldGen       total 87552K, used 16K [0x0000000081c00000, 0x0000000087180000, 0x00000000d5f00000)
  object space 87552K, 0% used [0x0000000081c00000,0x0000000081c04000,0x0000000087180000)
 Metaspace       used 3429K, capacity 4526K, committed 4864K, reserved 1056768K
  class space    used 397K, capacity 426K, committed 512K, reserved 1048576K
}
Event: 0.280 GC heap before
{Heap before GC invocations=3 (full 0):
 PSYoungGen      total 38400K, used 35872K [0x00000000d5f00000, 0x00000000daa00000, 0x0000000100000000)
  eden space 33280K, 100% used [0x00000000d5f00000,0x00000000d7f80000,0x00000000d7f80000)
  from space 5120K, 50% used [0x00000000d8480000,0x00000000d8708020,0x00000000d8980000)
  to   space 5120K, 0% used [0x00000000d7f80000,0x00000000d7f80000,0x00000000d8480000)
 ParOldGen       total 87552K, used 16K [0x0000000081c00000, 0x0000000087180000, 0x00000000d5f00000)
  object space 87552K, 0% used [0x0000000081c00000,0x0000000081c04000,0x0000000087180000)
 Metaspace       used 3430K, capacity 4526K, committed 4864K, reserved 1056768K
  class space    used 397K, capacity 426K, committed 512K, reserved 1048576K
Event: 0.282 GC heap after
Heap after GC invocations=3 (full 0):
 PSYoungGen      total 38400K, used 4736K [0x00000000d5f00000, 0x00000000daa00000, 0x0000000100000000)
  eden space 33280K, 0% used [0x00000000d5f00000,0x00000000d5f00000,0x00000000d7f80000)
  from space 5120K, 92% used [0x00000000d7f80000,0x00000000d8420030,0x00000000d8480000)
  to   space 5120K, 0% used [0x00000000da500000,0x00000000da500000,0x00000000daa00000)
 ParOldGen       total 87552K, used 24K [0x0000000081c00000, 0x0000000087180000, 0x00000000d5f00000)
  object space 87552K, 0% used [0x0000000081c00000,0x0000000081c06000,0x0000000087180000)
 Metaspace       used 3430K, capacity 4526K, committed 4864K, reserved 1056768K
  class space    used 397K, capacity 426K, committed 512K, reserved 1048576K
}
Event: 0.305 GC heap before
{Heap before GC invocations=4 (full 0):
 PSYoungGen      total 38400K, used 38016K [0x00000000d5f00000, 0x00000000daa00000, 0x0000000100000000)
  eden space 33280K, 100% used [0x00000000d5f00000,0x00000000d7f80000,0x00000000d7f80000)
  from space 5120K, 92% used [0x00000000d7f80000,0x00000000d8420030,0x00000000d8480000)
  to   space 5120K, 0% used [0x00000000da500000,0x00000000da500000,0x00000000daa00000)
 ParOldGen       total 87552K, used 24K [0x0000000081c00000, 0x0000000087180000, 0x00000000d5f00000)
  object space 87552K, 0% used [0x0000000081c00000,0x0000000081c06000,0x0000000087180000)
 Metaspace       used 3443K, capacity 4526K, committed 4864K, reserved 1056768K
  class space    used 397K, capacity 426K, committed 512K, reserved 1048576K
Event: 0.307 GC heap after
Heap after GC invocations=4 (full 0):
 PSYoungGen      total 71680K, used 4736K [0x00000000d5f00000, 0x00000000daa00000, 0x0000000100000000)
  eden space 66560K, 0% used [0x00000000d5f00000,0x00000000d5f00000,0x00000000da000000)
  from space 5120K, 92% used [0x00000000da500000,0x00000000da9a0030,0x00000000daa00000)
  to   space 5120K, 0% used [0x00000000da000000,0x00000000da000000,0x00000000da500000)
 ParOldGen       total 87552K, used 32K [0x0000000081c00000, 0x0000000087180000, 0x00000000d5f00000)
  object space 87552K, 0% used [0x0000000081c00000,0x0000000081c08000,0x0000000087180000)
 Metaspace       used 3443K, capacity 4526K, committed 4864K, reserved 1056768K
  class space    used 397K, capacity 426K, committed 512K, reserved 1048576K
}
Event: 0.354 GC heap before
{Heap before GC invocations=5 (full 0):
 PSYoungGen      total 71680K, used 71296K [0x00000000d5f00000, 0x00000000daa00000, 0x0000000100000000)
  eden space 66560K, 100% used [0x00000000d5f00000,0x00000000da000000,0x00000000da000000)
  from space 5120K, 92% used [0x00000000da500000,0x00000000da9a0030,0x00000000daa00000)
  to   space 5120K, 0% used [0x00000000da000000,0x00000000da000000,0x00000000da500000)
 ParOldGen       total 87552K, used 32K [0x0000000081c00000, 0x0000000087180000, 0x00000000d5f00000)
  object space 87552K, 0% used [0x0000000081c00000,0x0000000081c08000,0x0000000087180000)
 Metaspace       used 3443K, capacity 4526K, committed 4864K, reserved 1056768K
  class space    used 397K, capacity 426K, committed 512K, reserved 1048576K
Event: 0.358 GC heap after
Heap after GC invocations=5 (full 0):
 PSYoungGen      total 71680K, used 464K [0x00000000d5f00000, 0x00000000dee00000, 0x0000000100000000)
  eden space 66560K, 0% used [0x00000000d5f00000,0x00000000d5f00000,0x00000000da000000)
  from space 5120K, 9% used [0x00000000da000000,0x00000000da074010,0x00000000da500000)
  to   space 6656K, 0% used [0x00000000de780000,0x00000000de780000,0x00000000dee00000)
 ParOldGen       total 87552K, used 8544K [0x0000000081c00000, 0x0000000087180000, 0x00000000d5f00000)
  object space 87552K, 9% used [0x0000000081c00000,0x0000000082458010,0x0000000087180000)
 Metaspace       used 3443K, capacity 4526K, committed 4864K, reserved 1056768K
  class space    used 397K, capacity 426K, committed 512K, reserved 1048576K
}

Deoptimization events (3 events):
Event: 0.172 Thread 0x0000000002233000 Uncommon trap: reason=unstable_if action=reinterpret pc=0x0000000002478f88 method=java.util.regex.Matcher.search(I)Z @ 91
Event: 0.365 Thread 0x0000000002233000 Uncommon trap: reason=unstable_if action=reinterpret pc=0x00000000024aba1c method=java.util.Scanner.findPatternInBuffer(Ljava/util/regex/Pattern;I)Ljava/lang/String; @ 88
Event: 0.365 Thread 0x0000000002233000 Uncommon trap: reason=unstable_if action=reinterpret pc=0x00000000024a896c method=java.util.regex.Matcher.group(I)Ljava/lang/String; @ 65

Internal exceptions (6 events):
Event: 0.039 Thread 0x0000000002233000 Exception <a 'java/lang/NoSuchMethodError': Method sun.misc.Unsafe.defineClass(Ljava/lang/String;[BII)Ljava/lang/Class; name or signature does not match> (0x00000000d5f0d2b8) thrown at [D:\re\puppet\workspace\8-2-build-windows-amd64-cygwin\jdk8u73\6086\hotAyg×ùø£?
Event: 0.039 Thread 0x0000000002233000 Exception <a 'java/lang/NoSuchMethodError': Method sun.misc.Unsafe.prefetchRead(Ljava/lang/Object;J)V name or signature does not match> (0x00000000d5f0d5a0) thrown at [D:\re\puppet\workspace\8-2-build-windows-amd64-cygwin\jdk8u73\6086\hotspot\src\share\vm\4ôŠuOÂ?
Event: 0.143 Thread 0x0000000002233000 Exception <a 'java/security/PrivilegedActionException'> (0x00000000d5f8ee48) thrown at [D:\re\puppet\workspace\8-2-build-windows-amd64-cygwin\jdk8u73\6086\hotspot\src\share\vm\prims\jvm.cpp, line 1386]
Event: 0.143 Thread 0x0000000002233000 Exception <a 'java/security/PrivilegedActionException'> (0x00000000d5f8f240) thrown at [D:\re\puppet\workspace\8-2-build-windows-amd64-cygwin\jdk8u73\6086\hotspot\src\share\vm\prims\jvm.cpp, line 1386]
Event: 0.144 Thread 0x0000000002233000 Exception <a 'java/security/PrivilegedActionException'> (0x00000000d5f92fd0) thrown at [D:\re\puppet\workspace\8-2-build-windows-amd64-cygwin\jdk8u73\6086\hotspot\src\share\vm\prims\jvm.cpp, line 1386]
Event: 0.144 Thread 0x0000000002233000 Exception <a 'java/security/PrivilegedActionException'> (0x00000000d5f933c8) thrown at [D:\re\puppet\workspace\8-2-build-windows-amd64-cygwin\jdk8u73\6086\hotspot\src\share\vm\prims\jvm.cpp, line 1386]

Events (10 events):
Event: 1801.827 Executing VM operation: ChangeBreakpoints
Event: 1801.827 Executing VM operation: ChangeBreakpoints done
Event: 2020.428 Executing VM operation: RedefineClasses
Event: 2020.429 Executing VM operation: RedefineClasses done
Event: 8803.997 Executing VM operation: RedefineClasses
Event: 8803.998 Executing VM operation: RedefineClasses done
Event: 8890.483 Executing VM operation: RedefineClasses
Event: 8890.486 Executing VM operation: RedefineClasses done
Event: 9122.195 Executing VM operation: RedefineClasses
Event: 9122.196 Executing VM operation: RedefineClasses done


Dynamic libraries:
0x00007ff7f08a0000 - 0x00007ff7f08d7000 	C:\Program Files\Java\jre1.8.0_73\bin\javaw.exe
0x00007fface8b0000 - 0x00007ffacea71000 	C:\Windows\SYSTEM32\ntdll.dll
0x00007ffacd030000 - 0x00007ffacd0dd000 	C:\Windows\system32\KERNEL32.DLL
0x00007ffacba00000 - 0x00007ffacbbe8000 	C:\Windows\system32\KERNELBASE.dll
0x00007ffacd2a0000 - 0x00007ffacd347000 	C:\Windows\system32\ADVAPI32.dll
0x00007ffaccf90000 - 0x00007ffacd02d000 	C:\Windows\system32\msvcrt.dll
0x00007ffacbda0000 - 0x00007ffacbdfb000 	C:\Windows\system32\sechost.dll
0x00007ffacc920000 - 0x00007ffacca3c000 	C:\Windows\system32\RPCRT4.dll
0x00007ffacd140000 - 0x00007ffacd296000 	C:\Windows\system32\USER32.dll
0x00007ffacc400000 - 0x00007ffacc586000 	C:\Windows\system32\GDI32.dll
0x00007ffac6440000 - 0x00007ffac66b4000 	C:\Windows\WinSxS\amd64_microsoft.windows.common-controls_6595b64144ccf1df_6.0.10586.0_none_8c15ae12515e1c22\COMCTL32.dll
0x00007ffacc5f0000 - 0x00007ffacc86d000 	C:\Windows\system32\combase.dll
0x00007ffacb610000 - 0x00007ffacb67a000 	C:\Windows\system32\bcryptPrimitives.dll
0x00007ffacced0000 - 0x00007ffaccf0b000 	C:\Windows\system32\IMM32.DLL
0x0000000055d70000 - 0x0000000055e42000 	C:\Program Files\Java\jre1.8.0_73\bin\msvcr100.dll
0x0000000055e50000 - 0x00000000566e0000 	C:\Program Files\Java\jre1.8.0_73\bin\server\jvm.dll
0x00007ffacbd90000 - 0x00007ffacbd98000 	C:\Windows\system32\PSAPI.DLL
0x00007ffac9680000 - 0x00007ffac96a3000 	C:\Windows\SYSTEM32\WINMM.dll
0x00007ffac67b0000 - 0x00007ffac67ba000 	C:\Windows\SYSTEM32\VERSION.dll
0x00007ffac9620000 - 0x00007ffac964c000 	C:\Windows\SYSTEM32\WINMMBASE.dll
0x00007ffacb9b0000 - 0x00007ffacb9f3000 	C:\Windows\system32\cfgmgr32.dll
0x00007ffac87e0000 - 0x00007ffac87e9000 	C:\Windows\SYSTEM32\WSOCK32.dll
0x00007ffaccf20000 - 0x00007ffaccf8b000 	C:\Windows\system32\WS2_32.dll
0x0000000055d60000 - 0x0000000055d6f000 	C:\Program Files\Java\jre1.8.0_73\bin\verify.dll
0x0000000055d30000 - 0x0000000055d59000 	C:\Program Files\Java\jre1.8.0_73\bin\java.dll
0x0000000055c40000 - 0x0000000055c75000 	C:\Program Files\Java\jre1.8.0_73\bin\jdwp.dll
0x0000000055c30000 - 0x0000000055c38000 	C:\Program Files\Java\jre1.8.0_73\bin\npt.dll
0x0000000055d10000 - 0x0000000055d26000 	C:\Program Files\Java\jre1.8.0_73\bin\zip.dll
0x00007ffacd350000 - 0x00007fface8ac000 	C:\Windows\system32\SHELL32.dll
0x00007ffacaf60000 - 0x00007ffacb5a5000 	C:\Windows\system32\windows.storage.dll
0x00007ffacce70000 - 0x00007ffaccec2000 	C:\Windows\system32\shlwapi.dll
0x00007ffacaf50000 - 0x00007ffacaf5f000 	C:\Windows\system32\kernel.appcore.dll
0x00007ffacbbf0000 - 0x00007ffacbca5000 	C:\Windows\system32\shcore.dll
0x00007ffacaee0000 - 0x00007ffacaf2b000 	C:\Windows\system32\powrprof.dll
0x00007ffacaf30000 - 0x00007ffacaf44000 	C:\Windows\system32\profapi.dll
0x0000000055c20000 - 0x0000000055c29000 	C:\Program Files\Java\jre1.8.0_73\bin\dt_socket.dll
0x00007ffab4f40000 - 0x00007ffab4f56000 	C:\Windows\system32\napinsp.dll
0x00007ffab5020000 - 0x00007ffab503a000 	C:\Windows\system32\pnrpnsp.dll
0x00007ffac9390000 - 0x00007ffac93a8000 	C:\Windows\system32\NLAapi.dll
0x00007ffaca800000 - 0x00007ffaca85c000 	C:\Windows\System32\mswsock.dll
0x00007ffac9940000 - 0x00007ffac99ea000 	C:\Windows\SYSTEM32\DNSAPI.dll
0x00007ffacbd80000 - 0x00007ffacbd88000 	C:\Windows\system32\NSI.dll
0x00007ffab5040000 - 0x00007ffab504d000 	C:\Windows\System32\winrnr.dll
0x00007ffab5080000 - 0x00007ffab5095000 	C:\Windows\System32\wshbth.dll
0x00007ffac3370000 - 0x00007ffac33d7000 	C:\Windows\System32\fwpuclnt.dll
0x00007ffacaad0000 - 0x00007ffacaaf9000 	C:\Windows\SYSTEM32\bcrypt.dll
0x00007ffabf370000 - 0x00007ffabf37a000 	C:\Windows\System32\rasadhlp.dll
0x0000000055cf0000 - 0x0000000055d0a000 	C:\Program Files\Java\jre1.8.0_73\bin\net.dll
0x0000000055cd0000 - 0x0000000055ce1000 	C:\Program Files\Java\jre1.8.0_73\bin\nio.dll
0x00007ffaa80d0000 - 0x00007ffaa825c000 	C:\Windows\SYSTEM32\dbghelp.dll

VM Arguments:
jvm_args: -agentlib:jdwp=transport=dt_socket,suspend=y,address=localhost:56984 -Dfile.encoding=Cp1252 
java_command: ZapetajkiSPool.ZapetaikiSPool
java_class_path (initial): C:\Users\Asus\Documents\GitHub\IT-Talents\Threads\bin
Launcher Type: SUN_STANDARD

Environment Variables:
PATH=C:/Program Files/Java/jre1.8.0_73/bin/server;C:/Program Files/Java/jre1.8.0_73/bin;C:/Program Files/Java/jre1.8.0_73/lib/amd64;C:\ProgramData\Oracle\Java\javapath;C:\Windows\system32;C:\Windows;C:\Windows\System32\Wbem;C:\Windows\System32\WindowsPowerShell\v1.0\;C:\Program Files (x86)\Skype\Phone\;C:\Program Files (x86)\NVIDIA Corporation\PhysX\Common;C:\Program Files\MySQL\MySQL Server 5.7\bin;C:\Windows\system32;
USERNAME=Asus
OS=Windows_NT
PROCESSOR_IDENTIFIER=Intel64 Family 6 Model 60 Stepping 3, GenuineIntel



---------------  S Y S T E M  ---------------

OS: Windows 10.0 , 64 bit Build 10586 (10.0.10586.0)

CPU:total 4 (2 cores per cpu, 2 threads per core) family 6 model 60 stepping 3, cmov, cx8, fxsr, mmx, sse, sse2, sse3, ssse3, sse4.1, sse4.2, popcnt, avx, avx2, aes, clmul, erms, lzcnt, ht, tsc, tscinvbit, bmi1, bmi2

Memory: 4k page, physical 8268812k(4246612k free), swap 13398516k(2536008k free)

vm_info: Java HotSpot(TM) 64-Bit Server VM (25.73-b02) for windows-amd64 JRE (1.8.0_73-b02), built on Jan 29 2016 17:38:49 by "java_re" with MS VC++ 10.0 (VS2010)

time: Sat Feb 20 18:27:39 2016
elapsed time: 9122 seconds (0d 2h 32m 2s)

